[{"line":2,"elements":[{"line":4,"name":"","description":"","type":"background","keyword":"Background","steps":[{"result":{"duration":995100,"status":"skipped"},"line":5,"name":"User is on the SST login Page","match":{"location":"com.stepdefinition.TC1_LoginStep.user_is_on_the_sst_login_page()"},"keyword":"Given "}]},{"start_timestamp":"2023-12-19T09:31:29.532Z","before":[{"result":{"error_message":"org.openqa.selenium.SessionNotCreatedException: session not created: This version of ChromeDriver only supports Chrome version 114\nCurrent browser version is 119.0.6045.200 with binary path C:\\Program Files\\Google\\Chrome\\Application\\chrome.exe\nBuild info: version: '3.141.59', revision: 'e82be7d358', time: '2018-11-14T08:17:03'\nSystem info: host: 'DEEPAKUMAR', ip: '192.168.68.106', os.name: 'Windows 11', os.arch: 'amd64', os.version: '10.0', java.version: '17.0.6'\nDriver info: driver.version: ChromeDriver\nremote stacktrace: Backtrace:\n\tGetHandleVerifier [0x009BA813+48355]\n\t(No symbol) [0x0094C4B1]\n\t(No symbol) [0x00855358]\n\t(No symbol) [0x008761AC]\n\t(No symbol) [0x00871EF3]\n\t(No symbol) [0x00870579]\n\t(No symbol) [0x008A0C55]\n\t(No symbol) [0x008A093C]\n\t(No symbol) [0x0089A536]\n\t(No symbol) [0x008782DC]\n\t(No symbol) [0x008793DD]\n\tGetHandleVerifier [0x00C1AABD+2539405]\n\tGetHandleVerifier [0x00C5A78F+2800735]\n\tGetHandleVerifier [0x00C5456C+2775612]\n\tGetHandleVerifier [0x00A451E0+616112]\n\t(No symbol) [0x00955F8C]\n\t(No symbol) [0x00952328]\n\t(No symbol) [0x0095240B]\n\t(No symbol) [0x00944FF7]\n\tBaseThreadInitThunk [0x75FE7BA9+25]\n\tRtlInitializeExceptionChain [0x777CBD2B+107]\n\tRtlClearBits [0x777CBCAF+191]\n\r\n\tat java.base/jdk.internal.reflect.NativeConstructorAccessorImpl.newInstance0(Native Method)\r\n\tat java.base/jdk.internal.reflect.NativeConstructorAccessorImpl.newInstance(NativeConstructorAccessorImpl.java:77)\r\n\tat java.base/jdk.internal.reflect.DelegatingConstructorAccessorImpl.newInstance(DelegatingConstructorAccessorImpl.java:45)\r\n\tat java.base/java.lang.reflect.Constructor.newInstanceWithCaller(Constructor.java:499)\r\n\tat java.base/java.lang.reflect.Constructor.newInstance(Constructor.java:480)\r\n\tat org.openqa.selenium.remote.W3CHandshakeResponse.lambda$errorHandler$0(W3CHandshakeResponse.java:62)\r\n\tat org.openqa.selenium.remote.HandshakeResponse.lambda$getResponseFunction$0(HandshakeResponse.java:30)\r\n\tat org.openqa.selenium.remote.ProtocolHandshake.lambda$createSession$0(ProtocolHandshake.java:126)\r\n\tat java.base/java.util.stream.ReferencePipeline$3$1.accept(ReferencePipeline.java:197)\r\n\tat java.base/java.util.Spliterators$ArraySpliterator.tryAdvance(Spliterators.java:1002)\r\n\tat java.base/java.util.stream.ReferencePipeline.forEachWithCancel(ReferencePipeline.java:129)\r\n\tat java.base/java.util.stream.AbstractPipeline.copyIntoWithCancel(AbstractPipeline.java:527)\r\n\tat java.base/java.util.stream.AbstractPipeline.copyInto(AbstractPipeline.java:513)\r\n\tat java.base/java.util.stream.AbstractPipeline.wrapAndCopyInto(AbstractPipeline.java:499)\r\n\tat java.base/java.util.stream.FindOps$FindOp.evaluateSequential(FindOps.java:150)\r\n\tat java.base/java.util.stream.AbstractPipeline.evaluate(AbstractPipeline.java:234)\r\n\tat java.base/java.util.stream.ReferencePipeline.findFirst(ReferencePipeline.java:647)\r\n\tat org.openqa.selenium.remote.ProtocolHandshake.createSession(ProtocolHandshake.java:128)\r\n\tat org.openqa.selenium.remote.ProtocolHandshake.createSession(ProtocolHandshake.java:74)\r\n\tat org.openqa.selenium.remote.HttpCommandExecutor.execute(HttpCommandExecutor.java:136)\r\n\tat org.openqa.selenium.remote.service.DriverCommandExecutor.execute(DriverCommandExecutor.java:83)\r\n\tat org.openqa.selenium.remote.RemoteWebDriver.execute(RemoteWebDriver.java:552)\r\n\tat org.openqa.selenium.remote.RemoteWebDriver.startSession(RemoteWebDriver.java:213)\r\n\tat org.openqa.selenium.remote.RemoteWebDriver.<init>(RemoteWebDriver.java:131)\r\n\tat org.openqa.selenium.chrome.ChromeDriver.<init>(ChromeDriver.java:181)\r\n\tat org.openqa.selenium.chrome.ChromeDriver.<init>(ChromeDriver.java:168)\r\n\tat org.openqa.selenium.chrome.ChromeDriver.<init>(ChromeDriver.java:123)\r\n\tat com.base.BaseClass.getdriver(BaseClass.java:65)\r\n\tat com.stepdefinition.HooksClass.beforescenario(HooksClass.java:24)\r\n","duration":3504309700,"status":"failed"},"match":{"location":"com.stepdefinition.HooksClass.beforescenario()"}}],"line":13,"name":"Verify SST Login With Valid Deatils","description":"","id":"verify-sst-login-deatils;verify-sst-login-with-valid-deatils;;2","after":[{"result":{"error_message":"java.lang.NullPointerException: Cannot invoke \"org.openqa.selenium.WebDriver.quit()\" because \"com.base.BaseClass.driver\" is null\r\n\tat com.base.BaseClass.quitwindow(BaseClass.java:269)\r\n\tat com.stepdefinition.HooksClass.afterscenario(HooksClass.java:37)\r\n","duration":996600,"status":"failed"},"match":{"location":"com.stepdefinition.HooksClass.afterscenario(io.cucumber.java.Scenario)"}}],"type":"scenario","keyword":"Scenario Outline","steps":[{"result":{"status":"skipped"},"line":8,"name":"User Should Perform Login \"admin@SST.com\",\"Pass@word1\"","match":{"arguments":[{"val":"\"admin@SST.com\"","offset":26},{"val":"\"Pass@word1\"","offset":42}],"location":"com.stepdefinition.TC1_LoginStep.user_should_perform_login(java.lang.String,java.lang.String)"},"keyword":"When "},{"result":{"status":"skipped"},"line":9,"name":"User Should Verify After Login Success Message \"Dashboard\"","match":{"arguments":[{"val":"\"Dashboard\"","offset":47}],"location":"com.stepdefinition.TC1_LoginStep.user_should_verify_after_login_success_message(java.lang.String)"},"keyword":"Then "}],"tags":[{"name":"@Login"}]},{"line":4,"name":"","description":"","type":"background","keyword":"Background","steps":[{"result":{"status":"skipped"},"line":5,"name":"User is on the SST login Page","match":{"location":"com.stepdefinition.TC1_LoginStep.user_is_on_the_sst_login_page()"},"keyword":"Given "}]},{"start_timestamp":"2023-12-19T09:31:33.088Z","before":[{"result":{"error_message":"org.openqa.selenium.SessionNotCreatedException: session not created: This version of ChromeDriver only supports Chrome version 114\nCurrent browser version is 119.0.6045.200 with binary path C:\\Program Files\\Google\\Chrome\\Application\\chrome.exe\nBuild info: version: '3.141.59', revision: 'e82be7d358', time: '2018-11-14T08:17:03'\nSystem info: host: 'DEEPAKUMAR', ip: '192.168.68.106', os.name: 'Windows 11', os.arch: 'amd64', os.version: '10.0', java.version: '17.0.6'\nDriver info: driver.version: ChromeDriver\nremote stacktrace: Backtrace:\n\tGetHandleVerifier [0x009BA813+48355]\n\t(No symbol) [0x0094C4B1]\n\t(No symbol) [0x00855358]\n\t(No symbol) [0x008761AC]\n\t(No symbol) [0x00871EF3]\n\t(No symbol) [0x00870579]\n\t(No symbol) [0x008A0C55]\n\t(No symbol) [0x008A093C]\n\t(No symbol) [0x0089A536]\n\t(No symbol) [0x008782DC]\n\t(No symbol) [0x008793DD]\n\tGetHandleVerifier [0x00C1AABD+2539405]\n\tGetHandleVerifier [0x00C5A78F+2800735]\n\tGetHandleVerifier [0x00C5456C+2775612]\n\tGetHandleVerifier [0x00A451E0+616112]\n\t(No symbol) [0x00955F8C]\n\t(No symbol) [0x00952328]\n\t(No symbol) [0x0095240B]\n\t(No symbol) [0x00944FF7]\n\tBaseThreadInitThunk [0x75FE7BA9+25]\n\tRtlInitializeExceptionChain [0x777CBD2B+107]\n\tRtlClearBits [0x777CBCAF+191]\n\r\n\tat java.base/jdk.internal.reflect.NativeConstructorAccessorImpl.newInstance0(Native Method)\r\n\tat java.base/jdk.internal.reflect.NativeConstructorAccessorImpl.newInstance(NativeConstructorAccessorImpl.java:77)\r\n\tat java.base/jdk.internal.reflect.DelegatingConstructorAccessorImpl.newInstance(DelegatingConstructorAccessorImpl.java:45)\r\n\tat java.base/java.lang.reflect.Constructor.newInstanceWithCaller(Constructor.java:499)\r\n\tat java.base/java.lang.reflect.Constructor.newInstance(Constructor.java:480)\r\n\tat org.openqa.selenium.remote.W3CHandshakeResponse.lambda$errorHandler$0(W3CHandshakeResponse.java:62)\r\n\tat org.openqa.selenium.remote.HandshakeResponse.lambda$getResponseFunction$0(HandshakeResponse.java:30)\r\n\tat org.openqa.selenium.remote.ProtocolHandshake.lambda$createSession$0(ProtocolHandshake.java:126)\r\n\tat java.base/java.util.stream.ReferencePipeline$3$1.accept(ReferencePipeline.java:197)\r\n\tat java.base/java.util.Spliterators$ArraySpliterator.tryAdvance(Spliterators.java:1002)\r\n\tat java.base/java.util.stream.ReferencePipeline.forEachWithCancel(ReferencePipeline.java:129)\r\n\tat java.base/java.util.stream.AbstractPipeline.copyIntoWithCancel(AbstractPipeline.java:527)\r\n\tat java.base/java.util.stream.AbstractPipeline.copyInto(AbstractPipeline.java:513)\r\n\tat java.base/java.util.stream.AbstractPipeline.wrapAndCopyInto(AbstractPipeline.java:499)\r\n\tat java.base/java.util.stream.FindOps$FindOp.evaluateSequential(FindOps.java:150)\r\n\tat java.base/java.util.stream.AbstractPipeline.evaluate(AbstractPipeline.java:234)\r\n\tat java.base/java.util.stream.ReferencePipeline.findFirst(ReferencePipeline.java:647)\r\n\tat org.openqa.selenium.remote.ProtocolHandshake.createSession(ProtocolHandshake.java:128)\r\n\tat org.openqa.selenium.remote.ProtocolHandshake.createSession(ProtocolHandshake.java:74)\r\n\tat org.openqa.selenium.remote.HttpCommandExecutor.execute(HttpCommandExecutor.java:136)\r\n\tat org.openqa.selenium.remote.service.DriverCommandExecutor.execute(DriverCommandExecutor.java:83)\r\n\tat org.openqa.selenium.remote.RemoteWebDriver.execute(RemoteWebDriver.java:552)\r\n\tat org.openqa.selenium.remote.RemoteWebDriver.startSession(RemoteWebDriver.java:213)\r\n\tat org.openqa.selenium.remote.RemoteWebDriver.<init>(RemoteWebDriver.java:131)\r\n\tat org.openqa.selenium.chrome.ChromeDriver.<init>(ChromeDriver.java:181)\r\n\tat org.openqa.selenium.chrome.ChromeDriver.<init>(ChromeDriver.java:168)\r\n\tat org.openqa.selenium.chrome.ChromeDriver.<init>(ChromeDriver.java:123)\r\n\tat com.base.BaseClass.getdriver(BaseClass.java:65)\r\n\tat com.stepdefinition.HooksClass.beforescenario(HooksClass.java:24)\r\n","duration":2594012000,"status":"failed"},"match":{"location":"com.stepdefinition.HooksClass.beforescenario()"}}],"line":21,"name":"Verify SST Login Using Enter","description":"","id":"verify-sst-login-deatils;verify-sst-login-using-enter;;2","after":[{"result":{"error_message":"java.lang.NullPointerException: Cannot invoke \"org.openqa.selenium.WebDriver.quit()\" because \"com.base.BaseClass.driver\" is null\r\n\tat com.base.BaseClass.quitwindow(BaseClass.java:269)\r\n\tat com.stepdefinition.HooksClass.afterscenario(HooksClass.java:37)\r\n","status":"failed"},"match":{"location":"com.stepdefinition.HooksClass.afterscenario(io.cucumber.java.Scenario)"}}],"type":"scenario","keyword":"Scenario Outline","steps":[{"result":{"status":"skipped"},"line":16,"name":"User Should Perform Login \"admin@SST.com\",\"Pass@word1\" With Enter Key","match":{"arguments":[{"val":"\"admin@SST.com\"","offset":26},{"val":"\"Pass@word1\"","offset":42}],"location":"com.stepdefinition.TC1_LoginStep.user_should_perform_login_with_enter_key(java.lang.String,java.lang.String)"},"keyword":"When "},{"result":{"status":"skipped"},"line":17,"name":"User Should Verify After Login Success Message \"Dashboard\"","match":{"arguments":[{"val":"\"Dashboard\"","offset":47}],"location":"com.stepdefinition.TC1_LoginStep.user_should_verify_after_login_success_message(java.lang.String)"},"keyword":"Then "}],"tags":[{"name":"@Login"}]},{"line":4,"name":"","description":"","type":"background","keyword":"Background","steps":[{"result":{"status":"skipped"},"line":5,"name":"User is on the SST login Page","match":{"location":"com.stepdefinition.TC1_LoginStep.user_is_on_the_sst_login_page()"},"keyword":"Given "}]},{"start_timestamp":"2023-12-19T09:31:35.692Z","before":[{"result":{"error_message":"org.openqa.selenium.SessionNotCreatedException: session not created: This version of ChromeDriver only supports Chrome version 114\nCurrent browser version is 119.0.6045.200 with binary path C:\\Program Files\\Google\\Chrome\\Application\\chrome.exe\nBuild info: version: '3.141.59', revision: 'e82be7d358', time: '2018-11-14T08:17:03'\nSystem info: host: 'DEEPAKUMAR', ip: '192.168.68.106', os.name: 'Windows 11', os.arch: 'amd64', os.version: '10.0', java.version: '17.0.6'\nDriver info: driver.version: ChromeDriver\nremote stacktrace: Backtrace:\n\tGetHandleVerifier [0x009BA813+48355]\n\t(No symbol) [0x0094C4B1]\n\t(No symbol) [0x00855358]\n\t(No symbol) [0x008761AC]\n\t(No symbol) [0x00871EF3]\n\t(No symbol) [0x00870579]\n\t(No symbol) [0x008A0C55]\n\t(No symbol) [0x008A093C]\n\t(No symbol) [0x0089A536]\n\t(No symbol) [0x008782DC]\n\t(No symbol) [0x008793DD]\n\tGetHandleVerifier [0x00C1AABD+2539405]\n\tGetHandleVerifier [0x00C5A78F+2800735]\n\tGetHandleVerifier [0x00C5456C+2775612]\n\tGetHandleVerifier [0x00A451E0+616112]\n\t(No symbol) [0x00955F8C]\n\t(No symbol) [0x00952328]\n\t(No symbol) [0x0095240B]\n\t(No symbol) [0x00944FF7]\n\tBaseThreadInitThunk [0x75FE7BA9+25]\n\tRtlInitializeExceptionChain [0x777CBD2B+107]\n\tRtlClearBits [0x777CBCAF+191]\n\r\n\tat java.base/jdk.internal.reflect.NativeConstructorAccessorImpl.newInstance0(Native Method)\r\n\tat java.base/jdk.internal.reflect.NativeConstructorAccessorImpl.newInstance(NativeConstructorAccessorImpl.java:77)\r\n\tat java.base/jdk.internal.reflect.DelegatingConstructorAccessorImpl.newInstance(DelegatingConstructorAccessorImpl.java:45)\r\n\tat java.base/java.lang.reflect.Constructor.newInstanceWithCaller(Constructor.java:499)\r\n\tat java.base/java.lang.reflect.Constructor.newInstance(Constructor.java:480)\r\n\tat org.openqa.selenium.remote.W3CHandshakeResponse.lambda$errorHandler$0(W3CHandshakeResponse.java:62)\r\n\tat org.openqa.selenium.remote.HandshakeResponse.lambda$getResponseFunction$0(HandshakeResponse.java:30)\r\n\tat org.openqa.selenium.remote.ProtocolHandshake.lambda$createSession$0(ProtocolHandshake.java:126)\r\n\tat java.base/java.util.stream.ReferencePipeline$3$1.accept(ReferencePipeline.java:197)\r\n\tat java.base/java.util.Spliterators$ArraySpliterator.tryAdvance(Spliterators.java:1002)\r\n\tat java.base/java.util.stream.ReferencePipeline.forEachWithCancel(ReferencePipeline.java:129)\r\n\tat java.base/java.util.stream.AbstractPipeline.copyIntoWithCancel(AbstractPipeline.java:527)\r\n\tat java.base/java.util.stream.AbstractPipeline.copyInto(AbstractPipeline.java:513)\r\n\tat java.base/java.util.stream.AbstractPipeline.wrapAndCopyInto(AbstractPipeline.java:499)\r\n\tat java.base/java.util.stream.FindOps$FindOp.evaluateSequential(FindOps.java:150)\r\n\tat java.base/java.util.stream.AbstractPipeline.evaluate(AbstractPipeline.java:234)\r\n\tat java.base/java.util.stream.ReferencePipeline.findFirst(ReferencePipeline.java:647)\r\n\tat org.openqa.selenium.remote.ProtocolHandshake.createSession(ProtocolHandshake.java:128)\r\n\tat org.openqa.selenium.remote.ProtocolHandshake.createSession(ProtocolHandshake.java:74)\r\n\tat org.openqa.selenium.remote.HttpCommandExecutor.execute(HttpCommandExecutor.java:136)\r\n\tat org.openqa.selenium.remote.service.DriverCommandExecutor.execute(DriverCommandExecutor.java:83)\r\n\tat org.openqa.selenium.remote.RemoteWebDriver.execute(RemoteWebDriver.java:552)\r\n\tat org.openqa.selenium.remote.RemoteWebDriver.startSession(RemoteWebDriver.java:213)\r\n\tat org.openqa.selenium.remote.RemoteWebDriver.<init>(RemoteWebDriver.java:131)\r\n\tat org.openqa.selenium.chrome.ChromeDriver.<init>(ChromeDriver.java:181)\r\n\tat org.openqa.selenium.chrome.ChromeDriver.<init>(ChromeDriver.java:168)\r\n\tat org.openqa.selenium.chrome.ChromeDriver.<init>(ChromeDriver.java:123)\r\n\tat com.base.BaseClass.getdriver(BaseClass.java:65)\r\n\tat com.stepdefinition.HooksClass.beforescenario(HooksClass.java:24)\r\n","duration":2555092400,"status":"failed"},"match":{"location":"com.stepdefinition.HooksClass.beforescenario()"}}],"line":29,"name":"Verify SST Login Invalid Credentials","description":"","id":"verify-sst-login-deatils;verify-sst-login-invalid-credentials;;2","after":[{"result":{"error_message":"java.lang.NullPointerException: Cannot invoke \"org.openqa.selenium.WebDriver.quit()\" because \"com.base.BaseClass.driver\" is null\r\n\tat com.base.BaseClass.quitwindow(BaseClass.java:269)\r\n\tat com.stepdefinition.HooksClass.afterscenario(HooksClass.java:37)\r\n","duration":1328100,"status":"failed"},"match":{"location":"com.stepdefinition.HooksClass.afterscenario(io.cucumber.java.Scenario)"}}],"type":"scenario","keyword":"Scenario Outline","steps":[{"result":{"status":"skipped"},"line":24,"name":"User Should Perform Login \"admin@SST.com\",\"Pass@wo\"","match":{"arguments":[{"val":"\"admin@SST.com\"","offset":26},{"val":"\"Pass@wo\"","offset":42}],"location":"com.stepdefinition.TC1_LoginStep.user_should_perform_login(java.lang.String,java.lang.String)"},"keyword":"When "},{"result":{"status":"skipped"},"line":25,"name":"User Should Verify After Login With Invalid Credentials Error Message Contains \"Invalid login attempt.\"","match":{"arguments":[{"val":"\"Invalid login attempt.\"","offset":79}],"location":"com.stepdefinition.TC1_LoginStep.user_should_verify_after_login_with_invalid_credentials_error_message_contains(java.lang.String)"},"keyword":"Then "}],"tags":[{"name":"@Login"}]},{"line":4,"name":"","description":"","type":"background","keyword":"Background","steps":[{"result":{"status":"skipped"},"line":5,"name":"User is on the SST login Page","match":{"location":"com.stepdefinition.TC1_LoginStep.user_is_on_the_sst_login_page()"},"keyword":"Given "}]},{"start_timestamp":"2023-12-19T09:31:38.254Z","before":[{"result":{"error_message":"org.openqa.selenium.SessionNotCreatedException: session not created: This version of ChromeDriver only supports Chrome version 114\nCurrent browser version is 119.0.6045.200 with binary path C:\\Program Files\\Google\\Chrome\\Application\\chrome.exe\nBuild info: version: '3.141.59', revision: 'e82be7d358', time: '2018-11-14T08:17:03'\nSystem info: host: 'DEEPAKUMAR', ip: '192.168.68.106', os.name: 'Windows 11', os.arch: 'amd64', os.version: '10.0', java.version: '17.0.6'\nDriver info: driver.version: ChromeDriver\nremote stacktrace: Backtrace:\n\tGetHandleVerifier [0x009BA813+48355]\n\t(No symbol) [0x0094C4B1]\n\t(No symbol) [0x00855358]\n\t(No symbol) [0x008761AC]\n\t(No symbol) [0x00871EF3]\n\t(No symbol) [0x00870579]\n\t(No symbol) [0x008A0C55]\n\t(No symbol) [0x008A093C]\n\t(No symbol) [0x0089A536]\n\t(No symbol) [0x008782DC]\n\t(No symbol) [0x008793DD]\n\tGetHandleVerifier [0x00C1AABD+2539405]\n\tGetHandleVerifier [0x00C5A78F+2800735]\n\tGetHandleVerifier [0x00C5456C+2775612]\n\tGetHandleVerifier [0x00A451E0+616112]\n\t(No symbol) [0x00955F8C]\n\t(No symbol) [0x00952328]\n\t(No symbol) [0x0095240B]\n\t(No symbol) [0x00944FF7]\n\tBaseThreadInitThunk [0x75FE7BA9+25]\n\tRtlInitializeExceptionChain [0x777CBD2B+107]\n\tRtlClearBits [0x777CBCAF+191]\n\r\n\tat java.base/jdk.internal.reflect.NativeConstructorAccessorImpl.newInstance0(Native Method)\r\n\tat java.base/jdk.internal.reflect.NativeConstructorAccessorImpl.newInstance(NativeConstructorAccessorImpl.java:77)\r\n\tat java.base/jdk.internal.reflect.DelegatingConstructorAccessorImpl.newInstance(DelegatingConstructorAccessorImpl.java:45)\r\n\tat java.base/java.lang.reflect.Constructor.newInstanceWithCaller(Constructor.java:499)\r\n\tat java.base/java.lang.reflect.Constructor.newInstance(Constructor.java:480)\r\n\tat org.openqa.selenium.remote.W3CHandshakeResponse.lambda$errorHandler$0(W3CHandshakeResponse.java:62)\r\n\tat org.openqa.selenium.remote.HandshakeResponse.lambda$getResponseFunction$0(HandshakeResponse.java:30)\r\n\tat org.openqa.selenium.remote.ProtocolHandshake.lambda$createSession$0(ProtocolHandshake.java:126)\r\n\tat java.base/java.util.stream.ReferencePipeline$3$1.accept(ReferencePipeline.java:197)\r\n\tat java.base/java.util.Spliterators$ArraySpliterator.tryAdvance(Spliterators.java:1002)\r\n\tat java.base/java.util.stream.ReferencePipeline.forEachWithCancel(ReferencePipeline.java:129)\r\n\tat java.base/java.util.stream.AbstractPipeline.copyIntoWithCancel(AbstractPipeline.java:527)\r\n\tat java.base/java.util.stream.AbstractPipeline.copyInto(AbstractPipeline.java:513)\r\n\tat java.base/java.util.stream.AbstractPipeline.wrapAndCopyInto(AbstractPipeline.java:499)\r\n\tat java.base/java.util.stream.FindOps$FindOp.evaluateSequential(FindOps.java:150)\r\n\tat java.base/java.util.stream.AbstractPipeline.evaluate(AbstractPipeline.java:234)\r\n\tat java.base/java.util.stream.ReferencePipeline.findFirst(ReferencePipeline.java:647)\r\n\tat org.openqa.selenium.remote.ProtocolHandshake.createSession(ProtocolHandshake.java:128)\r\n\tat org.openqa.selenium.remote.ProtocolHandshake.createSession(ProtocolHandshake.java:74)\r\n\tat org.openqa.selenium.remote.HttpCommandExecutor.execute(HttpCommandExecutor.java:136)\r\n\tat org.openqa.selenium.remote.service.DriverCommandExecutor.execute(DriverCommandExecutor.java:83)\r\n\tat org.openqa.selenium.remote.RemoteWebDriver.execute(RemoteWebDriver.java:552)\r\n\tat org.openqa.selenium.remote.RemoteWebDriver.startSession(RemoteWebDriver.java:213)\r\n\tat org.openqa.selenium.remote.RemoteWebDriver.<init>(RemoteWebDriver.java:131)\r\n\tat org.openqa.selenium.chrome.ChromeDriver.<init>(ChromeDriver.java:181)\r\n\tat org.openqa.selenium.chrome.ChromeDriver.<init>(ChromeDriver.java:168)\r\n\tat org.openqa.selenium.chrome.ChromeDriver.<init>(ChromeDriver.java:123)\r\n\tat com.base.BaseClass.getdriver(BaseClass.java:65)\r\n\tat com.stepdefinition.HooksClass.beforescenario(HooksClass.java:24)\r\n","duration":2312510100,"status":"failed"},"match":{"location":"com.stepdefinition.HooksClass.beforescenario()"}}],"line":31,"name":"Verify SST Login field is required Credentials","description":"","id":"verify-sst-login-deatils;verify-sst-login-field-is-required-credentials","after":[{"result":{"error_message":"java.lang.NullPointerException: Cannot invoke \"org.openqa.selenium.WebDriver.quit()\" because \"com.base.BaseClass.driver\" is null\r\n\tat com.base.BaseClass.quitwindow(BaseClass.java:269)\r\n\tat com.stepdefinition.HooksClass.afterscenario(HooksClass.java:37)\r\n","status":"failed"},"match":{"location":"com.stepdefinition.HooksClass.afterscenario(io.cucumber.java.Scenario)"}}],"type":"scenario","keyword":"Scenario Outline","steps":[{"result":{"status":"skipped"},"line":32,"name":"User should perform Login Without Credintials","match":{"location":"com.stepdefinition.TC1_LoginStep.user_should_perform_login_without_credintials()"},"keyword":"When "},{"result":{"status":"skipped"},"line":33,"name":"User should verify After Login With field is required Credentials Error Message as \"The Email field is required.\" and \"The Password field is required.\"","match":{"arguments":[{"val":"\"The Email field is required.\"","offset":83},{"val":"\"The Password field is required.\"","offset":118}],"location":"com.stepdefinition.TC1_LoginStep.user_should_verify_after_login_with_field_is_required_credentials_error_message_as_and(java.lang.String,java.lang.String)"},"keyword":"Then "}],"tags":[{"name":"@Login"}]},{"line":4,"name":"","description":"","type":"background","keyword":"Background","steps":[{"result":{"status":"skipped"},"line":5,"name":"User is on the SST login Page","match":{"location":"com.stepdefinition.TC1_LoginStep.user_is_on_the_sst_login_page()"},"keyword":"Given "}]},{"start_timestamp":"2023-12-19T09:31:40.575Z","before":[{"result":{"error_message":"org.openqa.selenium.SessionNotCreatedException: session not created: This version of ChromeDriver only supports Chrome version 114\nCurrent browser version is 119.0.6045.200 with binary path C:\\Program Files\\Google\\Chrome\\Application\\chrome.exe\nBuild info: version: '3.141.59', revision: 'e82be7d358', time: '2018-11-14T08:17:03'\nSystem info: host: 'DEEPAKUMAR', ip: '192.168.68.106', os.name: 'Windows 11', os.arch: 'amd64', os.version: '10.0', java.version: '17.0.6'\nDriver info: driver.version: ChromeDriver\nremote stacktrace: Backtrace:\n\tGetHandleVerifier [0x009BA813+48355]\n\t(No symbol) [0x0094C4B1]\n\t(No symbol) [0x00855358]\n\t(No symbol) [0x008761AC]\n\t(No symbol) [0x00871EF3]\n\t(No symbol) [0x00870579]\n\t(No symbol) [0x008A0C55]\n\t(No symbol) [0x008A093C]\n\t(No symbol) [0x0089A536]\n\t(No symbol) [0x008782DC]\n\t(No symbol) [0x008793DD]\n\tGetHandleVerifier [0x00C1AABD+2539405]\n\tGetHandleVerifier [0x00C5A78F+2800735]\n\tGetHandleVerifier [0x00C5456C+2775612]\n\tGetHandleVerifier [0x00A451E0+616112]\n\t(No symbol) [0x00955F8C]\n\t(No symbol) [0x00952328]\n\t(No symbol) [0x0095240B]\n\t(No symbol) [0x00944FF7]\n\tBaseThreadInitThunk [0x75FE7BA9+25]\n\tRtlInitializeExceptionChain [0x777CBD2B+107]\n\tRtlClearBits [0x777CBCAF+191]\n\r\n\tat java.base/jdk.internal.reflect.NativeConstructorAccessorImpl.newInstance0(Native Method)\r\n\tat java.base/jdk.internal.reflect.NativeConstructorAccessorImpl.newInstance(NativeConstructorAccessorImpl.java:77)\r\n\tat java.base/jdk.internal.reflect.DelegatingConstructorAccessorImpl.newInstance(DelegatingConstructorAccessorImpl.java:45)\r\n\tat java.base/java.lang.reflect.Constructor.newInstanceWithCaller(Constructor.java:499)\r\n\tat java.base/java.lang.reflect.Constructor.newInstance(Constructor.java:480)\r\n\tat org.openqa.selenium.remote.W3CHandshakeResponse.lambda$errorHandler$0(W3CHandshakeResponse.java:62)\r\n\tat org.openqa.selenium.remote.HandshakeResponse.lambda$getResponseFunction$0(HandshakeResponse.java:30)\r\n\tat org.openqa.selenium.remote.ProtocolHandshake.lambda$createSession$0(ProtocolHandshake.java:126)\r\n\tat java.base/java.util.stream.ReferencePipeline$3$1.accept(ReferencePipeline.java:197)\r\n\tat java.base/java.util.Spliterators$ArraySpliterator.tryAdvance(Spliterators.java:1002)\r\n\tat java.base/java.util.stream.ReferencePipeline.forEachWithCancel(ReferencePipeline.java:129)\r\n\tat java.base/java.util.stream.AbstractPipeline.copyIntoWithCancel(AbstractPipeline.java:527)\r\n\tat java.base/java.util.stream.AbstractPipeline.copyInto(AbstractPipeline.java:513)\r\n\tat java.base/java.util.stream.AbstractPipeline.wrapAndCopyInto(AbstractPipeline.java:499)\r\n\tat java.base/java.util.stream.FindOps$FindOp.evaluateSequential(FindOps.java:150)\r\n\tat java.base/java.util.stream.AbstractPipeline.evaluate(AbstractPipeline.java:234)\r\n\tat java.base/java.util.stream.ReferencePipeline.findFirst(ReferencePipeline.java:647)\r\n\tat org.openqa.selenium.remote.ProtocolHandshake.createSession(ProtocolHandshake.java:128)\r\n\tat org.openqa.selenium.remote.ProtocolHandshake.createSession(ProtocolHandshake.java:74)\r\n\tat org.openqa.selenium.remote.HttpCommandExecutor.execute(HttpCommandExecutor.java:136)\r\n\tat org.openqa.selenium.remote.service.DriverCommandExecutor.execute(DriverCommandExecutor.java:83)\r\n\tat org.openqa.selenium.remote.RemoteWebDriver.execute(RemoteWebDriver.java:552)\r\n\tat org.openqa.selenium.remote.RemoteWebDriver.startSession(RemoteWebDriver.java:213)\r\n\tat org.openqa.selenium.remote.RemoteWebDriver.<init>(RemoteWebDriver.java:131)\r\n\tat org.openqa.selenium.chrome.ChromeDriver.<init>(ChromeDriver.java:181)\r\n\tat org.openqa.selenium.chrome.ChromeDriver.<init>(ChromeDriver.java:168)\r\n\tat org.openqa.selenium.chrome.ChromeDriver.<init>(ChromeDriver.java:123)\r\n\tat com.base.BaseClass.getdriver(BaseClass.java:65)\r\n\tat com.stepdefinition.HooksClass.beforescenario(HooksClass.java:24)\r\n","duration":1738427800,"status":"failed"},"match":{"location":"com.stepdefinition.HooksClass.beforescenario()"}}],"line":41,"name":"Verify SST Login Email field is required Credentials","description":"","id":"verify-sst-login-deatils;verify-sst-login-email-field-is-required-credentials;;2","after":[{"result":{"error_message":"java.lang.NullPointerException: Cannot invoke \"org.openqa.selenium.WebDriver.quit()\" because \"com.base.BaseClass.driver\" is null\r\n\tat com.base.BaseClass.quitwindow(BaseClass.java:269)\r\n\tat com.stepdefinition.HooksClass.afterscenario(HooksClass.java:37)\r\n","status":"failed"},"match":{"location":"com.stepdefinition.HooksClass.afterscenario(io.cucumber.java.Scenario)"}}],"type":"scenario","keyword":"Scenario Outline","steps":[{"result":{"status":"skipped"},"line":36,"name":"User should perform Login With wrong Credintials \"admin\"","match":{"arguments":[{"val":"\"admin\"","offset":49}],"location":"com.stepdefinition.TC1_LoginStep.user_should_perform_login_with_wrong_credintials(java.lang.String)"},"keyword":"When "},{"result":{"status":"skipped"},"line":37,"name":"User should verify After Login With field is required Credentials Error Message as \"The Email field is not a valid e-mail address.\"","match":{"arguments":[{"val":"\"The Email field is not a valid e-mail address.\"","offset":83}],"location":"com.stepdefinition.TC1_LoginStep.user_should_verify_after_login_with_field_is_required_credentials_error_message_as(java.lang.String)"},"keyword":"Then "}],"tags":[{"name":"@Login"}]},{"line":4,"name":"","description":"","type":"background","keyword":"Background","steps":[{"result":{"status":"skipped"},"line":5,"name":"User is on the SST login Page","match":{"location":"com.stepdefinition.TC1_LoginStep.user_is_on_the_sst_login_page()"},"keyword":"Given "}]},{"start_timestamp":"2023-12-19T09:31:42.322Z","before":[{"result":{"error_message":"org.openqa.selenium.SessionNotCreatedException: session not created: This version of ChromeDriver only supports Chrome version 114\nCurrent browser version is 119.0.6045.200 with binary path C:\\Program Files\\Google\\Chrome\\Application\\chrome.exe\nBuild info: version: '3.141.59', revision: 'e82be7d358', time: '2018-11-14T08:17:03'\nSystem info: host: 'DEEPAKUMAR', ip: '192.168.68.106', os.name: 'Windows 11', os.arch: 'amd64', os.version: '10.0', java.version: '17.0.6'\nDriver info: driver.version: ChromeDriver\nremote stacktrace: Backtrace:\n\tGetHandleVerifier [0x009BA813+48355]\n\t(No symbol) [0x0094C4B1]\n\t(No symbol) [0x00855358]\n\t(No symbol) [0x008761AC]\n\t(No symbol) [0x00871EF3]\n\t(No symbol) [0x00870579]\n\t(No symbol) [0x008A0C55]\n\t(No symbol) [0x008A093C]\n\t(No symbol) [0x0089A536]\n\t(No symbol) [0x008782DC]\n\t(No symbol) [0x008793DD]\n\tGetHandleVerifier [0x00C1AABD+2539405]\n\tGetHandleVerifier [0x00C5A78F+2800735]\n\tGetHandleVerifier [0x00C5456C+2775612]\n\tGetHandleVerifier [0x00A451E0+616112]\n\t(No symbol) [0x00955F8C]\n\t(No symbol) [0x00952328]\n\t(No symbol) [0x0095240B]\n\t(No symbol) [0x00944FF7]\n\tBaseThreadInitThunk [0x75FE7BA9+25]\n\tRtlInitializeExceptionChain [0x777CBD2B+107]\n\tRtlClearBits [0x777CBCAF+191]\n\r\n\tat java.base/jdk.internal.reflect.NativeConstructorAccessorImpl.newInstance0(Native Method)\r\n\tat java.base/jdk.internal.reflect.NativeConstructorAccessorImpl.newInstance(NativeConstructorAccessorImpl.java:77)\r\n\tat java.base/jdk.internal.reflect.DelegatingConstructorAccessorImpl.newInstance(DelegatingConstructorAccessorImpl.java:45)\r\n\tat java.base/java.lang.reflect.Constructor.newInstanceWithCaller(Constructor.java:499)\r\n\tat java.base/java.lang.reflect.Constructor.newInstance(Constructor.java:480)\r\n\tat org.openqa.selenium.remote.W3CHandshakeResponse.lambda$errorHandler$0(W3CHandshakeResponse.java:62)\r\n\tat org.openqa.selenium.remote.HandshakeResponse.lambda$getResponseFunction$0(HandshakeResponse.java:30)\r\n\tat org.openqa.selenium.remote.ProtocolHandshake.lambda$createSession$0(ProtocolHandshake.java:126)\r\n\tat java.base/java.util.stream.ReferencePipeline$3$1.accept(ReferencePipeline.java:197)\r\n\tat java.base/java.util.Spliterators$ArraySpliterator.tryAdvance(Spliterators.java:1002)\r\n\tat java.base/java.util.stream.ReferencePipeline.forEachWithCancel(ReferencePipeline.java:129)\r\n\tat java.base/java.util.stream.AbstractPipeline.copyIntoWithCancel(AbstractPipeline.java:527)\r\n\tat java.base/java.util.stream.AbstractPipeline.copyInto(AbstractPipeline.java:513)\r\n\tat java.base/java.util.stream.AbstractPipeline.wrapAndCopyInto(AbstractPipeline.java:499)\r\n\tat java.base/java.util.stream.FindOps$FindOp.evaluateSequential(FindOps.java:150)\r\n\tat java.base/java.util.stream.AbstractPipeline.evaluate(AbstractPipeline.java:234)\r\n\tat java.base/java.util.stream.ReferencePipeline.findFirst(ReferencePipeline.java:647)\r\n\tat org.openqa.selenium.remote.ProtocolHandshake.createSession(ProtocolHandshake.java:128)\r\n\tat org.openqa.selenium.remote.ProtocolHandshake.createSession(ProtocolHandshake.java:74)\r\n\tat org.openqa.selenium.remote.HttpCommandExecutor.execute(HttpCommandExecutor.java:136)\r\n\tat org.openqa.selenium.remote.service.DriverCommandExecutor.execute(DriverCommandExecutor.java:83)\r\n\tat org.openqa.selenium.remote.RemoteWebDriver.execute(RemoteWebDriver.java:552)\r\n\tat org.openqa.selenium.remote.RemoteWebDriver.startSession(RemoteWebDriver.java:213)\r\n\tat org.openqa.selenium.remote.RemoteWebDriver.<init>(RemoteWebDriver.java:131)\r\n\tat org.openqa.selenium.chrome.ChromeDriver.<init>(ChromeDriver.java:181)\r\n\tat org.openqa.selenium.chrome.ChromeDriver.<init>(ChromeDriver.java:168)\r\n\tat org.openqa.selenium.chrome.ChromeDriver.<init>(ChromeDriver.java:123)\r\n\tat com.base.BaseClass.getdriver(BaseClass.java:65)\r\n\tat com.stepdefinition.HooksClass.beforescenario(HooksClass.java:24)\r\n","duration":1580811400,"status":"failed"},"match":{"location":"com.stepdefinition.HooksClass.beforescenario()"}}],"line":52,"name":"Verify SST Login With Valid Deatils","description":"","id":"verify-sst-login-deatils;verify-sst-login-with-valid-deatils;;2","after":[{"result":{"error_message":"java.lang.NullPointerException: Cannot invoke \"org.openqa.selenium.WebDriver.quit()\" because \"com.base.BaseClass.driver\" is null\r\n\tat com.base.BaseClass.quitwindow(BaseClass.java:269)\r\n\tat com.stepdefinition.HooksClass.afterscenario(HooksClass.java:37)\r\n","status":"failed"},"match":{"location":"com.stepdefinition.HooksClass.afterscenario(io.cucumber.java.Scenario)"}}],"type":"scenario","keyword":"Scenario Outline","steps":[{"result":{"status":"skipped"},"line":45,"name":"User Should Perform Login \"admin@SST.com\",\"Pass@word1\"","match":{"arguments":[{"val":"\"admin@SST.com\"","offset":26},{"val":"\"Pass@word1\"","offset":42}],"location":"com.stepdefinition.TC1_LoginStep.user_should_perform_login(java.lang.String,java.lang.String)"},"keyword":"When "},{"result":{"status":"skipped"},"line":46,"name":"User Should Verify After Login Success Message \"Dashboard\"","match":{"arguments":[{"val":"\"Dashboard\"","offset":47}],"location":"com.stepdefinition.TC1_LoginStep.user_should_verify_after_login_success_message(java.lang.String)"},"keyword":"Then "},{"result":{"status":"skipped"},"line":47,"name":"user should click organization","match":{"location":"com.stepdefinition.TC1_LoginStep.user_should_click_organization()"},"keyword":"When "},{"result":{"status":"skipped"},"line":48,"name":"user should get data for sort","match":{"location":"com.stepdefinition.TC1_LoginStep.user_should_get_data_for_sort()"},"keyword":"And "}],"tags":[{"name":"@Login"},{"name":"@Sorting"}]}],"name":"Verify SST Login Deatils","description":"","id":"verify-sst-login-deatils","keyword":"Feature","uri":"file:src/test/resources/Features/TC1_LoginPage.feature","tags":[{"name":"@Login","type":"Tag","location":{"line":1,"column":1}}]}]